VRTokens/Temp/gradleOut/unityLibrary/build/intermediates/manifest_merge_blame_file/release/manifest-merger-blame-release-report.txt
1<?xml version="1.0" encoding="utf-8"?>
2<!-- GENERATED BY UNITY. REMOVE THIS COMMENT TO PREVENT OVERWRITING WHEN EXPORTING AGAIN -->
3<manifest xmlns:android="http://schemas.android.com/apk/res/android"
4    xmlns:tools="http://schemas.android.com/tools"
5    package="com.unity3d.player"
6    android:installLocation="auto"
7    android:versionCode="1"
8    android:versionName="0.1" >
9
10    <uses-sdk
11        android:minSdkVersion="23"
11-->src\main\AndroidManifest.xml
12        android:targetSdkVersion="30" />
12-->src\main\AndroidManifest.xml
13
14    <uses-feature android:glEsVersion="0x00030000" />
14-->src\main\AndroidManifest.xml:25:3-52
14-->src\main\AndroidManifest.xml:25:17-49
15
16    <uses-permission android:name="android.permission.INTERNET" />
16-->src\main\AndroidManifest.xml:26:3-65
16-->src\main\AndroidManifest.xml:26:20-62
17    <uses-permission android:name="android.permission.RECORD_AUDIO" />
17-->src\main\AndroidManifest.xml:27:3-69
17-->src\main\AndroidManifest.xml:27:20-66
18    <uses-permission android:name="android.permission.MODIFY_AUDIO_SETTINGS" />
18-->src\main\AndroidManifest.xml:28:3-78
18-->src\main\AndroidManifest.xml:28:20-75
19
20    <uses-feature
20-->src\main\AndroidManifest.xml:29:3-87
21        android:name="android.hardware.microphone"
21-->src\main\AndroidManifest.xml:29:17-59
22        android:required="false" />
22-->src\main\AndroidManifest.xml:29:60-84
23    <uses-feature
23-->src\main\AndroidManifest.xml:30:3-88
24        android:name="android.hardware.touchscreen"
24-->src\main\AndroidManifest.xml:30:17-60
25        android:required="false" />
25-->src\main\AndroidManifest.xml:30:61-85
26    <uses-feature
26-->src\main\AndroidManifest.xml:31:3-99
27        android:name="android.hardware.touchscreen.multitouch"
27-->src\main\AndroidManifest.xml:31:17-71
28        android:required="false" />
28-->src\main\AndroidManifest.xml:31:72-96
29    <uses-feature
29-->src\main\AndroidManifest.xml:32:3-108
30        android:name="android.hardware.touchscreen.multitouch.distinct"
30-->src\main\AndroidManifest.xml:32:17-80
31        android:required="false" />
31-->src\main\AndroidManifest.xml:32:81-105
32    <uses-feature
32-->src\main\AndroidManifest.xml:33:3-111
33        android:name="android.hardware.vr.headtracking"
33-->src\main\AndroidManifest.xml:33:17-64
34        android:required="true"
34-->src\main\AndroidManifest.xml:33:85-108
35        android:version="1" />
35-->src\main\AndroidManifest.xml:33:65-84
36    <uses-feature
36-->src\main\AndroidManifest.xml:34:3-88
37        android:name="oculus.software.handtracking"
37-->src\main\AndroidManifest.xml:34:17-60
38        android:required="false" />
38-->src\main\AndroidManifest.xml:34:61-85
39
40    <uses-permission android:name="com.oculus.permission.HAND_TRACKING" />
40-->src\main\AndroidManifest.xml:35:3-73
40-->src\main\AndroidManifest.xml:35:20-70
41
42    <application
42-->src\main\AndroidManifest.xml:4:3-24:17
43        android:allowBackup="false"
43-->src\main\AndroidManifest.xml:4:81-108
44        android:icon="@mipmap/app_icon"
44-->src\main\AndroidManifest.xml:4:49-80
45        android:label="@string/app_name"
45-->src\main\AndroidManifest.xml:4:16-48
46        android:networkSecurityConfig="@xml/network_sec_config" >
46-->src\main\AndroidManifest.xml:4:109-164
47        <activity
47-->src\main\AndroidManifest.xml:5:5-14:16
48            android:name="com.unity3d.player.UnityPlayerActivity"
48-->src\main\AndroidManifest.xml:5:15-68
49            android:configChanges="keyboard|keyboardHidden|navigation|orientation|screenLayout|screenSize|uiMode"
49-->src\main\AndroidManifest.xml:5:204-305
50            android:hardwareAccelerated="false"
50-->src\main\AndroidManifest.xml:5:341-376
51            android:launchMode="singleTask"
51-->src\main\AndroidManifest.xml:5:172-203
52            android:resizeableActivity="false"
52-->src\main\AndroidManifest.xml:5:306-340
53            android:screenOrientation="landscape"
53-->src\main\AndroidManifest.xml:5:134-171
54            android:theme="@android:style/Theme.Black.NoTitleBar.Fullscreen" >
54-->src\main\AndroidManifest.xml:5:69-133
55            <intent-filter>
55-->src\main\AndroidManifest.xml:6:7-10:23
56                <action android:name="android.intent.action.MAIN" />
56-->src\main\AndroidManifest.xml:7:9-61
56-->src\main\AndroidManifest.xml:7:17-58
57
58                <category android:name="android.intent.category.LAUNCHER" />
58-->src\main\AndroidManifest.xml:8:9-69
58-->src\main\AndroidManifest.xml:8:19-66
59                <category android:name="com.oculus.intent.category.VR" />
59-->src\main\AndroidManifest.xml:9:9-66
59-->src\main\AndroidManifest.xml:9:19-63
60            </intent-filter>
61
62            <meta-data
62-->src\main\AndroidManifest.xml:11:7-82
63                android:name="unityplayer.UnityActivity"
63-->src\main\AndroidManifest.xml:11:18-58
64                android:value="true" />
64-->src\main\AndroidManifest.xml:11:59-79
65            <meta-data
65-->src\main\AndroidManifest.xml:12:7-78
66                android:name="android.notch_support"
66-->src\main\AndroidManifest.xml:12:18-54
67                android:value="true" />
67-->src\main\AndroidManifest.xml:12:55-75
68            <meta-data
68-->src\main\AndroidManifest.xml:13:7-81
69                android:name="com.oculus.vr.focusaware"
69-->src\main\AndroidManifest.xml:13:18-57
70                android:value="true" />
70-->src\main\AndroidManifest.xml:13:58-78
71        </activity>
72
73        <meta-data
73-->src\main\AndroidManifest.xml:15:5-69
74            android:name="unity.splash-mode"
74-->src\main\AndroidManifest.xml:15:16-48
75            android:value="0" />
75-->src\main\AndroidManifest.xml:15:49-66
76        <meta-data
76-->src\main\AndroidManifest.xml:16:5-74
77            android:name="unity.splash-enable"
77-->src\main\AndroidManifest.xml:16:16-50
78            android:value="True" />
78-->src\main\AndroidManifest.xml:16:51-71
79        <meta-data
79-->src\main\AndroidManifest.xml:17:5-84
80            android:name="unity.allow-resizable-window"
80-->src\main\AndroidManifest.xml:17:16-59
81            android:value="False" />
81-->src\main\AndroidManifest.xml:17:60-81
82        <meta-data
82-->src\main\AndroidManifest.xml:18:5-81
83            android:name="notch.config"
83-->src\main\AndroidManifest.xml:18:16-43
84            android:value="portrait|landscape" />
84-->src\main\AndroidManifest.xml:18:44-78
85        <meta-data
85-->src\main\AndroidManifest.xml:19:5-101
86            android:name="unity.build-id"
86-->src\main\AndroidManifest.xml:19:16-45
87            android:value="f79de37d-c06f-4dd2-84df-ce23e376aa07" />
87-->src\main\AndroidManifest.xml:19:46-98
88        <meta-data
88-->src\main\AndroidManifest.xml:20:5-88
89            android:name="com.oculus.handtracking.frequency"
89-->src\main\AndroidManifest.xml:20:16-64
90            android:value="HIGH" />
90-->src\main\AndroidManifest.xml:20:65-85
91        <meta-data
91-->src\main\AndroidManifest.xml:21:5-97
92            android:name="com.samsung.android.vr.application.mode"
92-->src\main\AndroidManifest.xml:21:16-70
93            android:value="vr_only" />
93-->src\main\AndroidManifest.xml:21:71-94
94        <meta-data
94-->src\main\AndroidManifest.xml:22:5-91
95            android:name="com.unity.xr.oculus.LowOverheadMode"
95-->src\main\AndroidManifest.xml:22:16-66
96            android:value="false" />
96-->src\main\AndroidManifest.xml:22:67-88
97        <meta-data
97-->src\main\AndroidManifest.xml:23:5-90
98            android:name="com.oculus.supportedDevices"
98-->src\main\AndroidManifest.xml:23:16-58
99            android:value="quest|quest2" />
99-->src\main\AndroidManifest.xml:23:59-87
100    </application>
101
102</manifest>